<?xml version="1.0" encoding="UTF-8"?>
<!-- Generated by org.testng.reporters.JUnitXMLReporter -->
<testsuite hostname="milind-VGN-N385E" name="Command line test" tests="31" failures="0" timestamp="23 Apr 2014 12:42:06 GMT" time="0.636" errors="0">
  <testcase name="testAdd" time="0.041" classname="com.crystalsoft.employeemanagement.AdditionTest"/>
  <testcase name="testAddFail" time="0.002" classname="com.crystalsoft.employeemanagement.AdditionTest"/>
  <testcase name="testDelete" time="0.001" classname="com.crystalsoft.employeemanagement.DeletionTest"/>
  <testcase name="testDeleteFail" time="0.0" classname="com.crystalsoft.employeemanagement.DeletionTest"/>
  <testcase name="checkFirstName" time="0.001" classname="com.crystalsoft.employeemanagement.EmployeeTest"/>
  <testcase name="checkId" time="0.0" classname="com.crystalsoft.employeemanagement.EmployeeTest"/>
  <testcase name="checkIdSortEqual" time="0.003" classname="com.crystalsoft.employeemanagement.EmployeeTest"/>
  <testcase name="checkIdSortNotEqual" time="0.003" classname="com.crystalsoft.employeemanagement.EmployeeTest"/>
  <testcase name="checkInstance" time="0.001" classname="com.crystalsoft.employeemanagement.EmployeeTest"/>
  <testcase name="checkLastName" time="0.001" classname="com.crystalsoft.employeemanagement.EmployeeTest"/>
  <testcase name="checkNameSortEqual" time="0.008" classname="com.crystalsoft.employeemanagement.EmployeeTest"/>
  <testcase name="checkNameSortNotEqual" time="0.002" classname="com.crystalsoft.employeemanagement.EmployeeTest"/>
  <testcase name="checkPosition" time="0.0" classname="com.crystalsoft.employeemanagement.EmployeeTest"/>
  <testcase name="checkProject" time="0.0" classname="com.crystalsoft.employeemanagement.EmployeeTest"/>
  <testcase name="testLoad" time="0.162" classname="com.crystalsoft.employeemanagement.LoadTest"/>
  <testcase name="testModify" time="0.001" classname="com.crystalsoft.employeemanagement.ModificationTest"/>
  <testcase name="checkInstantiate" time="0.009" classname="com.crystalsoft.employeemanagement.RolodexTest"/>
  <testcase name="checkInstantiateWithParam" time="0.015" classname="com.crystalsoft.employeemanagement.RolodexTest"/>
  <testcase name="testAddEmployee" time="0.001" classname="com.crystalsoft.employeemanagement.RolodexTest"/>
  <testcase name="testAddEmployeefail" time="0.036" classname="com.crystalsoft.employeemanagement.RolodexTest"/>
  <testcase name="testDeleteEmployee" time="0.014" classname="com.crystalsoft.employeemanagement.RolodexTest"/>
  <testcase name="testDeleteEmployeeFail" time="0.009" classname="com.crystalsoft.employeemanagement.RolodexTest"/>
  <testcase name="testGetSize" time="0.01" classname="com.crystalsoft.employeemanagement.RolodexTest"/>
  <testcase name="testIdSort" time="0.01" classname="com.crystalsoft.employeemanagement.RolodexTest"/>
  <testcase name="testSetAndGetEmployees" time="0.004" classname="com.crystalsoft.employeemanagement.RolodexTest"/>
  <testcase name="testSize" time="0.011" classname="com.crystalsoft.employeemanagement.RolodexTest"/>
  <testcase name="testfind" time="0.001" classname="com.crystalsoft.employeemanagement.RolodexTest"/>
  <testcase name="testfindfail" time="0.001" classname="com.crystalsoft.employeemanagement.RolodexTest"/>
  <testcase name="testSaving" time="0.02" classname="com.crystalsoft.employeemanagement.SavingTest"/>
  <testcase name="testSearch" time="0.001" classname="com.crystalsoft.employeemanagement.SearchTest"/>
  <testcase name="testSearchFail" time="0.001" classname="com.crystalsoft.employeemanagement.SearchTest"/>
</testsuite> <!-- Command line test -->
