<?xml version="1.0" encoding="UTF-8" ?>
<testsuite failures="0" time="2.89" errors="0" skipped="0" tests="31" name="TestSuite">
  <properties>
[...]
</properties>
  <testcase time="0.038" classname="com.crystalsoft.employeemanagement.AdditionTest" name="testAdd"/>
  <testcase time="0.001" classname="com.crystalsoft.employeemanagement.AdditionTest" name="testAddFail"/>
  <testcase time="0.001" classname="com.crystalsoft.employeemanagement.DeletionTest" name="testDelete"/>
  <testcase time="0.001" classname="com.crystalsoft.employeemanagement.DeletionTest" name="testDeleteFail"/>
  <testcase time="0" classname="com.crystalsoft.employeemanagement.EmployeeTest" name="checkFirstName"/>
  <testcase time="0.003" classname="com.crystalsoft.employeemanagement.EmployeeTest" name="checkId"/>
  <testcase time="0.003" classname="com.crystalsoft.employeemanagement.EmployeeTest" name="checkIdSortEqual"/>
  <testcase time="0.003" classname="com.crystalsoft.employeemanagement.EmployeeTest" name="checkIdSortNotEqual"/>
  <testcase time="0" classname="com.crystalsoft.employeemanagement.EmployeeTest" name="checkInstance"/>
  <testcase time="0" classname="com.crystalsoft.employeemanagement.EmployeeTest" name="checkLastName"/>
  <testcase time="0.008" classname="com.crystalsoft.employeemanagement.EmployeeTest" name="checkNameSortEqual"/>
  <testcase time="0.001" classname="com.crystalsoft.employeemanagement.EmployeeTest" name="checkNameSortNotEqual"/>
  <testcase time="0.001" classname="com.crystalsoft.employeemanagement.EmployeeTest" name="checkPosition"/>
  <testcase time="0.001" classname="com.crystalsoft.employeemanagement.EmployeeTest" name="checkProject"/>
  <testcase time="0.162" classname="com.crystalsoft.employeemanagement.LoadTest" name="testLoad"/>
  <testcase time="0" classname="com.crystalsoft.employeemanagement.ModificationTest" name="testModify"/>
  <testcase time="0.01" classname="com.crystalsoft.employeemanagement.RolodexTest" name="checkInstantiate"/>
  <testcase time="0.001" classname="com.crystalsoft.employeemanagement.RolodexTest" name="checkInstantiateWithParam"/>
  <testcase time="0" classname="com.crystalsoft.employeemanagement.RolodexTest" name="testAddEmployee"/>
  <testcase time="0.035" classname="com.crystalsoft.employeemanagement.RolodexTest" name="testAddEmployeefail"/>
  <testcase time="0.014" classname="com.crystalsoft.employeemanagement.RolodexTest" name="testDeleteEmployee"/>
  <testcase time="0.004" classname="com.crystalsoft.employeemanagement.RolodexTest" name="testDeleteEmployeeFail"/>
  <testcase time="0.01" classname="com.crystalsoft.employeemanagement.RolodexTest" name="testGetSize"/>
  <testcase time="0.01" classname="com.crystalsoft.employeemanagement.RolodexTest" name="testIdSort"/>
  <testcase time="0.004" classname="com.crystalsoft.employeemanagement.RolodexTest" name="testSetAndGetEmployees"/>
  <testcase time="0.012" classname="com.crystalsoft.employeemanagement.RolodexTest" name="testSize"/>
  <testcase time="0" classname="com.crystalsoft.employeemanagement.RolodexTest" name="testfind"/>
  <testcase time="0" classname="com.crystalsoft.employeemanagement.RolodexTest" name="testfindfail"/>
  <testcase time="0.02" classname="com.crystalsoft.employeemanagement.SavingTest" name="testSaving"/>
  <testcase time="0.001" classname="com.crystalsoft.employeemanagement.SearchTest" name="testSearch"/>
  <testcase time="0.001" classname="com.crystalsoft.employeemanagement.SearchTest" name="testSearchFail"/>
</testsuite>