<?xml version="1.0" encoding="UTF-8"?>
<testng-results skipped="0" failed="0" total="31" passed="31">
  <reporter-output>
  </reporter-output>
  <suite name="Command line suite" duration-ms="636" started-at="2014-04-23T12:42:05Z" finished-at="2014-04-23T12:42:06Z">
    <groups>
    </groups>
    <test name="Command line test" duration-ms="636" started-at="2014-04-23T12:42:05Z" finished-at="2014-04-23T12:42:06Z">
      <class name="com.crystalsoft.employeemanagement.RolodexTest">
        <test-method status="PASS" signature="instantiate()[pri:0, instance:com.crystalsoft.employeemanagement.RolodexTest@10b81da]" name="instantiate" is-config="true" duration-ms="1" started-at="2014-04-23T07:42:05Z" finished-at="2014-04-23T07:42:05Z">
          <reporter-output>
          </reporter-output>
        </test-method> <!-- instantiate -->
        <test-method status="PASS" signature="checkInstantiate()[pri:0, instance:com.crystalsoft.employeemanagement.RolodexTest@10b81da]" name="checkInstantiate" duration-ms="9" started-at="2014-04-23T07:42:05Z" finished-at="2014-04-23T07:42:05Z">
          <reporter-output>
          </reporter-output>
        </test-method> <!-- checkInstantiate -->
        <test-method status="PASS" signature="checkInstantiateWithParam()[pri:0, instance:com.crystalsoft.employeemanagement.RolodexTest@10b81da]" name="checkInstantiateWithParam" duration-ms="15" started-at="2014-04-23T07:42:05Z" finished-at="2014-04-23T07:42:05Z">
          <reporter-output>
          </reporter-output>
        </test-method> <!-- checkInstantiateWithParam -->
        <test-method status="PASS" signature="testAddEmployee()[pri:0, instance:com.crystalsoft.employeemanagement.RolodexTest@10b81da]" name="testAddEmployee" duration-ms="1" started-at="2014-04-23T07:42:05Z" finished-at="2014-04-23T07:42:05Z">
          <reporter-output>
          </reporter-output>
        </test-method> <!-- testAddEmployee -->
        <test-method status="PASS" signature="testAddEmployeefail()[pri:0, instance:com.crystalsoft.employeemanagement.RolodexTest@10b81da]" name="testAddEmployeefail" duration-ms="36" started-at="2014-04-23T07:42:05Z" finished-at="2014-04-23T07:42:06Z">
          <reporter-output>
          </reporter-output>
        </test-method> <!-- testAddEmployeefail -->
        <test-method status="PASS" signature="testDeleteEmployee()[pri:0, instance:com.crystalsoft.employeemanagement.RolodexTest@10b81da]" name="testDeleteEmployee" duration-ms="14" started-at="2014-04-23T07:42:06Z" finished-at="2014-04-23T07:42:06Z">
          <reporter-output>
          </reporter-output>
        </test-method> <!-- testDeleteEmployee -->
        <test-method status="PASS" signature="testDeleteEmployeeFail()[pri:0, instance:com.crystalsoft.employeemanagement.RolodexTest@10b81da]" name="testDeleteEmployeeFail" duration-ms="9" started-at="2014-04-23T07:42:06Z" finished-at="2014-04-23T07:42:06Z">
          <reporter-output>
          </reporter-output>
        </test-method> <!-- testDeleteEmployeeFail -->
        <test-method status="PASS" signature="testGetSize()[pri:0, instance:com.crystalsoft.employeemanagement.RolodexTest@10b81da]" name="testGetSize" duration-ms="10" started-at="2014-04-23T07:42:06Z" finished-at="2014-04-23T07:42:06Z">
          <reporter-output>
          </reporter-output>
        </test-method> <!-- testGetSize -->
        <test-method status="PASS" signature="testIdSort()[pri:0, instance:com.crystalsoft.employeemanagement.RolodexTest@10b81da]" name="testIdSort" duration-ms="10" started-at="2014-04-23T07:42:06Z" finished-at="2014-04-23T07:42:06Z">
          <reporter-output>
          </reporter-output>
        </test-method> <!-- testIdSort -->
        <test-method status="PASS" signature="testSetAndGetEmployees()[pri:0, instance:com.crystalsoft.employeemanagement.RolodexTest@10b81da]" name="testSetAndGetEmployees" duration-ms="4" started-at="2014-04-23T07:42:06Z" finished-at="2014-04-23T07:42:06Z">
          <reporter-output>
          </reporter-output>
        </test-method> <!-- testSetAndGetEmployees -->
        <test-method status="PASS" signature="testSize()[pri:0, instance:com.crystalsoft.employeemanagement.RolodexTest@10b81da]" name="testSize" duration-ms="11" started-at="2014-04-23T07:42:06Z" finished-at="2014-04-23T07:42:06Z">
          <reporter-output>
          </reporter-output>
        </test-method> <!-- testSize -->
        <test-method status="PASS" signature="testfind()[pri:0, instance:com.crystalsoft.employeemanagement.RolodexTest@10b81da]" name="testfind" duration-ms="1" started-at="2014-04-23T07:42:06Z" finished-at="2014-04-23T07:42:06Z">
          <reporter-output>
          </reporter-output>
        </test-method> <!-- testfind -->
        <test-method status="PASS" signature="testfindfail()[pri:0, instance:com.crystalsoft.employeemanagement.RolodexTest@10b81da]" name="testfindfail" duration-ms="1" started-at="2014-04-23T07:42:06Z" finished-at="2014-04-23T07:42:06Z">
          <reporter-output>
          </reporter-output>
        </test-method> <!-- testfindfail -->
      </class> <!-- com.crystalsoft.employeemanagement.RolodexTest -->
      <class name="com.crystalsoft.employeemanagement.AdditionTest">
        <test-method status="PASS" signature="testAdd()[pri:0, instance:com.crystalsoft.employeemanagement.AdditionTest@bffcc0]" name="testAdd" duration-ms="41" started-at="2014-04-23T07:42:05Z" finished-at="2014-04-23T07:42:05Z">
          <reporter-output>
          </reporter-output>
        </test-method> <!-- testAdd -->
        <test-method status="PASS" signature="testAddFail()[pri:0, instance:com.crystalsoft.employeemanagement.AdditionTest@bffcc0]" name="testAddFail" duration-ms="2" started-at="2014-04-23T07:42:05Z" finished-at="2014-04-23T07:42:05Z">
          <reporter-output>
          </reporter-output>
        </test-method> <!-- testAddFail -->
      </class> <!-- com.crystalsoft.employeemanagement.AdditionTest -->
      <class name="com.crystalsoft.employeemanagement.ModificationTest">
        <test-method status="PASS" signature="testModify()[pri:0, instance:com.crystalsoft.employeemanagement.ModificationTest@407e62]" name="testModify" duration-ms="1" started-at="2014-04-23T07:42:05Z" finished-at="2014-04-23T07:42:05Z">
          <reporter-output>
          </reporter-output>
        </test-method> <!-- testModify -->
      </class> <!-- com.crystalsoft.employeemanagement.ModificationTest -->
      <class name="com.crystalsoft.employeemanagement.SearchTest">
        <test-method status="PASS" signature="testSearch()[pri:0, instance:com.crystalsoft.employeemanagement.SearchTest@6288ed]" name="testSearch" duration-ms="1" started-at="2014-04-23T07:42:06Z" finished-at="2014-04-23T07:42:06Z">
          <reporter-output>
          </reporter-output>
        </test-method> <!-- testSearch -->
        <test-method status="PASS" signature="testSearchFail()[pri:0, instance:com.crystalsoft.employeemanagement.SearchTest@6288ed]" name="testSearchFail" duration-ms="1" started-at="2014-04-23T07:42:06Z" finished-at="2014-04-23T07:42:06Z">
          <reporter-output>
          </reporter-output>
        </test-method> <!-- testSearchFail -->
      </class> <!-- com.crystalsoft.employeemanagement.SearchTest -->
      <class name="com.crystalsoft.employeemanagement.DeletionTest">
        <test-method status="PASS" signature="testDelete()[pri:0, instance:com.crystalsoft.employeemanagement.DeletionTest@ac76c0]" name="testDelete" duration-ms="1" started-at="2014-04-23T07:42:05Z" finished-at="2014-04-23T07:42:05Z">
          <reporter-output>
          </reporter-output>
        </test-method> <!-- testDelete -->
        <test-method status="PASS" signature="testDeleteFail()[pri:0, instance:com.crystalsoft.employeemanagement.DeletionTest@ac76c0]" name="testDeleteFail" duration-ms="0" started-at="2014-04-23T07:42:05Z" finished-at="2014-04-23T07:42:05Z">
          <reporter-output>
          </reporter-output>
        </test-method> <!-- testDeleteFail -->
      </class> <!-- com.crystalsoft.employeemanagement.DeletionTest -->
      <class name="com.crystalsoft.employeemanagement.LoadTest">
        <test-method status="PASS" signature="instantiate()[pri:0, instance:com.crystalsoft.employeemanagement.LoadTest@70c52d]" name="instantiate" is-config="true" duration-ms="0" started-at="2014-04-23T07:42:05Z" finished-at="2014-04-23T07:42:05Z">
          <reporter-output>
          </reporter-output>
        </test-method> <!-- instantiate -->
        <test-method status="PASS" signature="testLoad()[pri:0, instance:com.crystalsoft.employeemanagement.LoadTest@70c52d]" name="testLoad" duration-ms="162" started-at="2014-04-23T07:42:05Z" finished-at="2014-04-23T07:42:05Z">
          <reporter-output>
          </reporter-output>
        </test-method> <!-- testLoad -->
      </class> <!-- com.crystalsoft.employeemanagement.LoadTest -->
      <class name="com.crystalsoft.employeemanagement.EmployeeTest">
        <test-method status="PASS" signature="instantiate()[pri:0, instance:com.crystalsoft.employeemanagement.EmployeeTest@7a40fc]" name="instantiate" is-config="true" duration-ms="1" started-at="2014-04-23T07:42:05Z" finished-at="2014-04-23T07:42:05Z">
          <reporter-output>
          </reporter-output>
        </test-method> <!-- instantiate -->
        <test-method status="PASS" signature="checkFirstName()[pri:0, instance:com.crystalsoft.employeemanagement.EmployeeTest@7a40fc]" name="checkFirstName" duration-ms="1" started-at="2014-04-23T07:42:05Z" finished-at="2014-04-23T07:42:05Z">
          <reporter-output>
          </reporter-output>
        </test-method> <!-- checkFirstName -->
        <test-method status="PASS" signature="checkId()[pri:0, instance:com.crystalsoft.employeemanagement.EmployeeTest@7a40fc]" name="checkId" duration-ms="0" started-at="2014-04-23T07:42:05Z" finished-at="2014-04-23T07:42:05Z">
          <reporter-output>
          </reporter-output>
        </test-method> <!-- checkId -->
        <test-method status="PASS" signature="checkIdSortEqual()[pri:0, instance:com.crystalsoft.employeemanagement.EmployeeTest@7a40fc]" name="checkIdSortEqual" duration-ms="3" started-at="2014-04-23T07:42:05Z" finished-at="2014-04-23T07:42:05Z">
          <reporter-output>
          </reporter-output>
        </test-method> <!-- checkIdSortEqual -->
        <test-method status="PASS" signature="checkIdSortNotEqual()[pri:0, instance:com.crystalsoft.employeemanagement.EmployeeTest@7a40fc]" name="checkIdSortNotEqual" duration-ms="3" started-at="2014-04-23T07:42:05Z" finished-at="2014-04-23T07:42:05Z">
          <reporter-output>
          </reporter-output>
        </test-method> <!-- checkIdSortNotEqual -->
        <test-method status="PASS" signature="checkInstance()[pri:0, instance:com.crystalsoft.employeemanagement.EmployeeTest@7a40fc]" name="checkInstance" duration-ms="1" started-at="2014-04-23T07:42:05Z" finished-at="2014-04-23T07:42:05Z">
          <reporter-output>
          </reporter-output>
        </test-method> <!-- checkInstance -->
        <test-method status="PASS" signature="checkLastName()[pri:0, instance:com.crystalsoft.employeemanagement.EmployeeTest@7a40fc]" name="checkLastName" duration-ms="1" started-at="2014-04-23T07:42:05Z" finished-at="2014-04-23T07:42:05Z">
          <reporter-output>
          </reporter-output>
        </test-method> <!-- checkLastName -->
        <test-method status="PASS" signature="checkNameSortEqual()[pri:0, instance:com.crystalsoft.employeemanagement.EmployeeTest@7a40fc]" name="checkNameSortEqual" duration-ms="8" started-at="2014-04-23T07:42:05Z" finished-at="2014-04-23T07:42:05Z">
          <reporter-output>
          </reporter-output>
        </test-method> <!-- checkNameSortEqual -->
        <test-method status="PASS" signature="checkNameSortNotEqual()[pri:0, instance:com.crystalsoft.employeemanagement.EmployeeTest@7a40fc]" name="checkNameSortNotEqual" duration-ms="2" started-at="2014-04-23T07:42:05Z" finished-at="2014-04-23T07:42:05Z">
          <reporter-output>
          </reporter-output>
        </test-method> <!-- checkNameSortNotEqual -->
        <test-method status="PASS" signature="checkPosition()[pri:0, instance:com.crystalsoft.employeemanagement.EmployeeTest@7a40fc]" name="checkPosition" duration-ms="0" started-at="2014-04-23T07:42:05Z" finished-at="2014-04-23T07:42:05Z">
          <reporter-output>
          </reporter-output>
        </test-method> <!-- checkPosition -->
        <test-method status="PASS" signature="checkProject()[pri:0, instance:com.crystalsoft.employeemanagement.EmployeeTest@7a40fc]" name="checkProject" duration-ms="0" started-at="2014-04-23T07:42:05Z" finished-at="2014-04-23T07:42:05Z">
          <reporter-output>
          </reporter-output>
        </test-method> <!-- checkProject -->
      </class> <!-- com.crystalsoft.employeemanagement.EmployeeTest -->
      <class name="com.crystalsoft.employeemanagement.SavingTest">
        <test-method status="PASS" signature="instantiate()[pri:0, instance:com.crystalsoft.employeemanagement.SavingTest@6adf2f]" name="instantiate" is-config="true" duration-ms="1" started-at="2014-04-23T07:42:06Z" finished-at="2014-04-23T07:42:06Z">
          <reporter-output>
          </reporter-output>
        </test-method> <!-- instantiate -->
        <test-method status="PASS" signature="testSaving()[pri:0, instance:com.crystalsoft.employeemanagement.SavingTest@6adf2f]" name="testSaving" duration-ms="20" started-at="2014-04-23T07:42:06Z" finished-at="2014-04-23T07:42:06Z">
          <reporter-output>
          </reporter-output>
        </test-method> <!-- testSaving -->
      </class> <!-- com.crystalsoft.employeemanagement.SavingTest -->
    </test> <!-- Command line test -->
  </suite> <!-- Command line suite -->
</testng-results>
